<?xml version="1.0" encoding="UTF-8"?>
<!-- Generated by org.testng.reporters.JUnitXMLReporter -->
<testsuite hostname="DESKTOP-G75P14J" ignored="0" name="Default test(failed)" tests="1" failures="1" timestamp="2020-08-30T00:49:21 IST" time="15.928" errors="0">
  <testcase name="@AfterMethod closeBrowser" time="0.008" classname="testNG.Pom_CreateFacebookAccountTest">
    <failure type="java.lang.NullPointerException">
      <![CDATA[java.lang.NullPointerException
at testNG.Pom_CreateFacebookAccountTest.closeBrowser(Pom_CreateFacebookAccountTest.java:72)
at java.util.ArrayList.forEach(ArrayList.java:1257)
... Removed 32 stack frames]]>
    </failure>
  </testcase> <!-- @AfterMethod closeBrowser -->
  <testcase name="creatAccount" time="3.04" classname="testNG.Pom_CreateFacebookAccountTest">
    <failure type="java.lang.NullPointerException">
      <![CDATA[java.lang.NullPointerException
at org.openqa.selenium.support.pagefactory.DefaultElementLocator.findElement(DefaultElementLocator.java:69)
at org.openqa.selenium.support.pagefactory.internal.LocatingElementHandler.invoke(LocatingElementHandler.java:38)
at com.sun.proxy.$Proxy9.click(Unknown Source)
at testNG.Pom_FacebookCreateAccountPage.clickOncreateAccount(Pom_FacebookCreateAccountPage.java:20)
at testNG.Pom_CreateFacebookAccountTest.creatAccount(Pom_CreateFacebookAccountTest.java:52)
at java.util.ArrayList.forEach(ArrayList.java:1257)
... Removed 27 stack frames]]>
    </failure>
  </testcase> <!-- creatAccount -->
</testsuite> <!-- Default test(failed) -->
