<?xml version="1.0" encoding="UTF-8"?>
<!-- Generated by org.testng.reporters.JUnitXMLReporter -->
<testsuite hostname="DESKTOP-G75P14J" ignored="1" name="Test" tests="6" failures="4" timestamp="2020-08-28T17:50:49 IST" time="0.139" errors="0">
  <testcase name="test5" time="0.024" classname="testNG.Demo3_testSuit">
    <failure type="java.lang.AssertionError" message="The following asserts failed:
	expected [S] but found [p]">
      <![CDATA[java.lang.AssertionError: The following asserts failed:
expected [S] but found [p]
at testNG.Demo3_testSuit.test5(Demo3_testSuit.java:15)
at java.util.ArrayList.forEach(ArrayList.java:1257)
... Removed 29 stack frames]]>
    </failure>
  </testcase> <!-- test5 -->
  <testcase name="test6" time="0.004" classname="testNG.Demo3_testSuit">
    <failure type="java.lang.AssertionError" message="expected [sameer] but found [Reyansh]">
      <![CDATA[java.lang.AssertionError: expected [sameer] but found [Reyansh]
at testNG.Demo3_testSuit.test6(Demo3_testSuit.java:22)
at java.util.ArrayList.forEach(ArrayList.java:1257)
... Removed 33 stack frames]]>
    </failure>
  </testcase> <!-- test6 -->
  <testcase name="test3" time="0.004" classname="testNG.Demo2_testSuit"/>
  <testcase name="test4" time="0.004" classname="testNG.Demo2_testSuit">
    <failure type="java.lang.AssertionError" message="The following asserts failed:
	expected [123] but found [312]">
      <![CDATA[java.lang.AssertionError: The following asserts failed:
expected [123] but found [312]
at testNG.Demo2_testSuit.test4(Demo2_testSuit.java:23)
at java.util.ArrayList.forEach(ArrayList.java:1257)
... Removed 29 stack frames]]>
    </failure>
  </testcase> <!-- test4 -->
  <testcase name="test1" time="0.0" classname="testNG.Demo1_testSuit"/>
  <testcase name="test2" time="0.004" classname="testNG.Demo1_testSuit">
    <failure type="java.lang.AssertionError" message="expected [hii] but found [hello]">
      <![CDATA[java.lang.AssertionError: expected [hii] but found [hello]
at testNG.Demo1_testSuit.test2(Demo1_testSuit.java:21)
at java.util.ArrayList.forEach(ArrayList.java:1257)
... Removed 33 stack frames]]>
    </failure>
  </testcase> <!-- test2 -->
  <testcase name="test" time="0.0" classname="testNG.Demo1_testSuit">
    <ignored/>
  </testcase> <!-- test -->
</testsuite> <!-- Test -->
